<?xml version="1.0" encoding="UTF-8"?>
<!-- Generated by org.testng.reporters.JUnitXMLReporter -->
<testsuite ignored="0" hostname="DESKTOP-66CRK13" failures="0" tests="3" name="Default test" time="5.412" errors="0" timestamp="2023-05-01T02:19:34 ART">
  <testcase classname="github.SauceDemo.MakeSimpleOrder" name="productSortHiLo" time="1.878"/>
  <testcase classname="github.SauceDemo.MakeSimpleOrder" name="addToCartAndGoToCheckout" time="0.399"/>
  <testcase classname="github.SauceDemo.MakeSimpleOrder" name="checkoutFinish" time="2.2"/>
</testsuite> <!-- Default test -->
