<?xml version="1.0" encoding="UTF-8"?>
<!-- Generated by org.testng.reporters.JUnitXMLReporter -->
<testsuite ignored="0" hostname="DESKTOP-66CRK13" failures="0" tests="3" name="Default test" time="4.988" errors="0" timestamp="2023-05-01T22:26:47 ART">
  <testcase classname="github.SauceDemo.MakeOrderAndDelete" name="productSortZA" time="1.935"/>
  <testcase classname="github.SauceDemo.MakeOrderAndDelete" name="addToCartAndGoToCheckout" time="1.844"/>
  <testcase classname="github.SauceDemo.MakeOrderAndDelete" name="checkoutFinish" time="0.392"/>
</testsuite> <!-- Default test -->
