<?xml version="1.0" encoding="UTF-8"?>
<testng-results ignored="0" total="6" passed="6" failed="0" skipped="0">
  <reporter-output>
  </reporter-output>
  <suite started-at="2023-05-01T23:38:30 ART" name="Suite" finished-at="2023-05-01T23:38:40 ART" duration-ms="9948">
    <groups>
    </groups>
    <test started-at="2023-05-01T23:38:30 ART" name="Test" finished-at="2023-05-01T23:38:40 ART" duration-ms="9948">
      <class name="github.SauceDemo.MakeSimpleOrder">
        <test-method is-config="true" signature="setUp()[pri:0, instance:github.SauceDemo.MakeSimpleOrder@45099dd3]" started-at="2023-05-01T23:38:29 ART" name="setUp" description="driver setup" finished-at="2023-05-01T23:38:30 ART" duration-ms="749" status="PASS">
          <reporter-output>
          </reporter-output>
        </test-method> <!-- setUp -->
        <test-method is-config="true" signature="logIn()[pri:0, instance:github.SauceDemo.MakeSimpleOrder@45099dd3]" started-at="2023-05-01T23:38:30 ART" name="logIn" description="browser setup and login" finished-at="2023-05-01T23:38:31 ART" duration-ms="726" status="PASS">
          <reporter-output>
          </reporter-output>
        </test-method> <!-- logIn -->
        <test-method signature="productSortHiLo()[pri:0, instance:github.SauceDemo.MakeSimpleOrder@45099dd3]" started-at="2023-05-01T23:38:31 ART" name="productSortHiLo" description="Sort products from higher to lower price" finished-at="2023-05-01T23:38:33 ART" duration-ms="1863" status="PASS">
          <reporter-output>
          </reporter-output>
        </test-method> <!-- productSortHiLo -->
        <test-method signature="addToCartAndGoToCheckout()[pri:1, instance:github.SauceDemo.MakeSimpleOrder@45099dd3]" started-at="2023-05-01T23:38:33 ART" name="addToCartAndGoToCheckout" description="Add two items to cart" finished-at="2023-05-01T23:38:33 ART" duration-ms="402" status="PASS">
          <reporter-output>
          </reporter-output>
        </test-method> <!-- addToCartAndGoToCheckout -->
        <test-method signature="checkoutFinish()[pri:2, instance:github.SauceDemo.MakeSimpleOrder@45099dd3]" started-at="2023-05-01T23:38:33 ART" name="checkoutFinish" description="Complete checkout info and buy items" finished-at="2023-05-01T23:38:36 ART" duration-ms="2265" status="PASS">
          <reporter-output>
          </reporter-output>
        </test-method> <!-- checkoutFinish -->
        <test-method is-config="true" signature="closeBrowser()[pri:0, instance:github.SauceDemo.MakeSimpleOrder@45099dd3]" started-at="2023-05-01T23:38:39 ART" name="closeBrowser" description="Close browser" finished-at="2023-05-01T23:38:40 ART" duration-ms="126" status="PASS">
          <reporter-output>
          </reporter-output>
        </test-method> <!-- closeBrowser -->
        <test-method is-config="true" signature="showConsoleMessage()[pri:0, instance:github.SauceDemo.MakeSimpleOrder@45099dd3]" started-at="2023-05-01T23:38:40 ART" name="showConsoleMessage" description="Show message in console" finished-at="2023-05-01T23:38:40 ART" duration-ms="0" status="PASS">
          <reporter-output>
          </reporter-output>
        </test-method> <!-- showConsoleMessage -->
      </class> <!-- github.SauceDemo.MakeSimpleOrder -->
      <class name="github.SauceDemo.MakeOrderAndDelete">
        <test-method is-config="true" signature="setUp()[pri:0, instance:github.SauceDemo.MakeOrderAndDelete@34bde49d]" started-at="2023-05-01T23:38:27 ART" name="setUp" description="driver setup" finished-at="2023-05-01T23:38:29 ART" duration-ms="1760" status="PASS">
          <reporter-output>
          </reporter-output>
        </test-method> <!-- setUp -->
        <test-method is-config="true" signature="logIn()[pri:0, instance:github.SauceDemo.MakeOrderAndDelete@34bde49d]" started-at="2023-05-01T23:38:30 ART" name="logIn" description="browser setup and login" finished-at="2023-05-01T23:38:30 ART" duration-ms="725" status="PASS">
          <reporter-output>
          </reporter-output>
        </test-method> <!-- logIn -->
        <test-method signature="productSortZA()[pri:0, instance:github.SauceDemo.MakeOrderAndDelete@34bde49d]" started-at="2023-05-01T23:38:36 ART" name="productSortZA" description="Sort products from Z to A" finished-at="2023-05-01T23:38:37 ART" duration-ms="1669" status="PASS">
          <reporter-output>
          </reporter-output>
        </test-method> <!-- productSortZA -->
        <test-method signature="addToCartAndGoToCheckout()[pri:1, instance:github.SauceDemo.MakeOrderAndDelete@34bde49d]" started-at="2023-05-01T23:38:37 ART" name="addToCartAndGoToCheckout" description="Add random number of items to cart" finished-at="2023-05-01T23:38:39 ART" duration-ms="1680" status="PASS">
          <reporter-output>
          </reporter-output>
        </test-method> <!-- addToCartAndGoToCheckout -->
        <test-method signature="checkoutFinish()[pri:2, instance:github.SauceDemo.MakeOrderAndDelete@34bde49d]" started-at="2023-05-01T23:38:39 ART" name="checkoutFinish" description="Delete items from cart" finished-at="2023-05-01T23:38:39 ART" duration-ms="321" status="PASS">
          <reporter-output>
          </reporter-output>
        </test-method> <!-- checkoutFinish -->
        <test-method is-config="true" signature="closeBrowser()[pri:0, instance:github.SauceDemo.MakeOrderAndDelete@34bde49d]" started-at="2023-05-01T23:38:39 ART" name="closeBrowser" description="Close browser" finished-at="2023-05-01T23:38:39 ART" duration-ms="130" status="PASS">
          <reporter-output>
          </reporter-output>
        </test-method> <!-- closeBrowser -->
        <test-method is-config="true" signature="showConsoleMessage()[pri:0, instance:github.SauceDemo.MakeOrderAndDelete@34bde49d]" started-at="2023-05-01T23:38:40 ART" name="showConsoleMessage" description="Show message in console" finished-at="2023-05-01T23:38:40 ART" duration-ms="0" status="PASS">
          <reporter-output>
          </reporter-output>
        </test-method> <!-- showConsoleMessage -->
      </class> <!-- github.SauceDemo.MakeOrderAndDelete -->
    </test> <!-- Test -->
  </suite> <!-- Suite -->
</testng-results>
